<?xml version="1.0" encoding="UTF-8"?>
<!-- Generated by org.testng.reporters.JUnitReportReporter -->
<testsuite hostname="darshan" failures="0" tests="5" name="testScript.TC_LoginwithINValidData" time="36.984" errors="0" timestamp="15 Nov 2019 13:32:52 GMT">
  <testcase classname="testScript.TC_LoginwithINValidData" name="TC_InValidSignInwithBlankPassword" time="9.024"/>
  <testcase classname="testScript.TC_LoginwithINValidData" name="TC_InValidSignInwithBlankEmailPassword" time="1.674"/>
  <testcase classname="testScript.TC_LoginwithINValidData" name="TC_InvalidsignInwithInvalidEmailPassword" time="14.747"/>
  <testcase classname="testScript.TC_LoginwithINValidData" name="TC_InValidSignInwithBlankEmail" time="4.258"/>
  <testcase classname="testScript.TC_LoginwithINValidData" name="TC_ValidDomainSubmission" time="7.281"/>
</testsuite> <!-- testScript.TC_LoginwithINValidData -->
