<?xml version="1.0" encoding="UTF-8"?>
<!-- Generated by org.testng.reporters.JUnitReportReporter -->
<testsuite hostname="darshan" failures="0" tests="15" name="testScript.TC_ShowMewithInvalidData" time="132.329" errors="0" timestamp="20 Nov 2019 10:10:44 GMT">
  <testcase classname="testScript.TC_ShowMewithInvalidData" name="TC_InvalidInvitewithInvalidMessageandNumber" time="8.638"/>
  <testcase classname="testScript.TC_ShowMewithInvalidData" name="TC_InvalidCreateSessionReference" time="14.463"/>
  <testcase classname="testScript.TC_ShowMewithInvalidData" name="TC_InvalidInvitewithInvalidPhoneNumber" time="4.820"/>
  <testcase classname="testScript.TC_ShowMewithInvalidData" name="TC_InvalidInvitewithEmailasOnlyNumeric" time="5.878"/>
  <testcase classname="testScript.TC_ShowMewithInvalidData" name="TC_InvalidInvitewithBlankPhoneNumber" time="10.579"/>
  <testcase classname="testScript.TC_ShowMewithInvalidData" name="TC_SignOut" time="2.224"/>
  <testcase classname="testScript.TC_ShowMewithInvalidData" name="TC_InvalidInvitewithInvalidEmail" time="5.872"/>
  <testcase classname="testScript.TC_ShowMewithInvalidData" name="TC_InvalidInvitewithEmailasOnlyAlphaNumeric" time="5.833"/>
  <testcase classname="testScript.TC_ShowMewithInvalidData" name="TC_ValidDomainSubmission" time="7.280"/>
  <testcase classname="testScript.TC_ShowMewithInvalidData" name="TC_InvalidInvitewithBlankMessage" time="5.823"/>
  <testcase classname="testScript.TC_ShowMewithInvalidData" name="TC_InvalidInvitewithLessDigitPhoneNumber" time="4.736"/>
  <testcase classname="testScript.TC_ShowMewithInvalidData" name="TC_InvalidInvitewithBlankEmail" time="22.371"/>
  <testcase classname="testScript.TC_ShowMewithInvalidData" name="TC_InvalidInvitewithEmailasOnlyAlphabet" time="5.783"/>
  <testcase classname="testScript.TC_ShowMewithInvalidData" name="TC_SignIn" time="23.213"/>
  <testcase classname="testScript.TC_ShowMewithInvalidData" name="TC_InvalidInvitewithMoreDigitPhoneNumber" time="4.816"/>
</testsuite> <!-- testScript.TC_ShowMewithInvalidData -->
