<?xml version="1.0" encoding="UTF-8"?>
<!-- Generated by org.testng.reporters.JUnitReportReporter -->
<testsuite hostname="darshan" failures="0" tests="3" name="testScript.TC_SignUpInvitewithUserIdwithoutPassword" time="64.504" errors="0" timestamp="7 Nov 2019 12:09:19 GMT">
  <testcase classname="testScript.TC_SignUpInvitewithUserIdwithoutPassword" name="TC_SignInafterRegister" time="31.964"/>
  <testcase classname="testScript.TC_SignUpInvitewithUserIdwithoutPassword" name="TC_SignUpwithEmailwithoutPassword" time="17.376"/>
  <testcase classname="testScript.TC_SignUpInvitewithUserIdwithoutPassword" name="SignInforSignUp" time="15.164"/>
</testsuite> <!-- testScript.TC_SignUpInvitewithUserIdwithoutPassword -->
