<?xml version="1.0" encoding="UTF-8"?>
<!-- Generated by org.testng.reporters.JUnitReportReporter -->
<testsuite hostname="darshan" failures="0" tests="4" name="testScript.TC_ForgotPasswordwithINValidData" time="24.538" errors="0" timestamp="8 Nov 2019 06:28:31 GMT">
  <testcase classname="testScript.TC_ForgotPasswordwithINValidData" name="TC_ValidDomainSubmission" time="3.581"/>
  <testcase classname="testScript.TC_ForgotPasswordwithINValidData" name="TC_InValidForgotPasswordwithNotRegisteredEmail" time="4.708"/>
  <testcase classname="testScript.TC_ForgotPasswordwithINValidData" name="TC_InValidForgotPasswordwithInvalidEmail" time="4.094"/>
  <testcase classname="testScript.TC_ForgotPasswordwithINValidData" name="TC_InValidForgotPasswordwithBlankEmail" time="12.155"/>
</testsuite> <!-- testScript.TC_ForgotPasswordwithINValidData -->
