<?xml version="1.0" encoding="UTF-8"?>
<!-- Generated by org.testng.reporters.JUnitReportReporter -->
<testsuite hostname="darshan" failures="0" tests="9" name="testScript.TC_PublishVideowithInvalidVideoFormats" time="241.351" errors="0" timestamp="12 Dec 2019 13:50:39 GMT">
  <testcase classname="testScript.TC_PublishVideowithInvalidVideoFormats" name="TC_PublishNewVideowithInvalidFormatWMV" time="44.745"/>
  <testcase classname="testScript.TC_PublishVideowithInvalidVideoFormats" name="TC_PublishNewVideowithInvalidFormatWebm" time="45.209"/>
  <testcase classname="testScript.TC_PublishVideowithInvalidVideoFormats" name="TC_SignIn" time="14.593"/>
  <testcase classname="testScript.TC_PublishVideowithInvalidVideoFormats" name="TC_PublishNewVideowithInvalidFormatAVI" time="42.450"/>
  <testcase classname="testScript.TC_PublishVideowithInvalidVideoFormats" name="TC_OpenVideoTab" time="15.210"/>
  <testcase classname="testScript.TC_PublishVideowithInvalidVideoFormats" name="TC_PublishNewVideowithInvalidFormatOGG" time="42.548"/>
  <testcase classname="testScript.TC_PublishVideowithInvalidVideoFormats" name="TC_SignOut" time="6.278"/>
  <testcase classname="testScript.TC_PublishVideowithInvalidVideoFormats" name="TC_PublishNewVideowithBlankValues" time="14.985"/>
  <testcase classname="testScript.TC_PublishVideowithInvalidVideoFormats" name="TC_ValidDomainSubmission" time="15.333"/>
</testsuite> <!-- testScript.TC_PublishVideowithInvalidVideoFormats -->
