<?xml version="1.0" encoding="UTF-8"?>
<!-- Generated by org.testng.reporters.JUnitReportReporter -->
<testsuite hostname="darshan" failures="0" tests="5" name="testScript.TC_LoginwithINValidData" time="33.125" errors="0" timestamp="8 Nov 2019 10:20:26 GMT">
  <testcase classname="testScript.TC_LoginwithINValidData" name="TC_InValidSignInwithBlankPassword" time="7.904"/>
  <testcase classname="testScript.TC_LoginwithINValidData" name="TC_InvalidsignInwithInvalidEmailPassword" time="13.699"/>
  <testcase classname="testScript.TC_LoginwithINValidData" name="TC_InValidSignInwithBlankEmailPassword" time="3.737"/>
  <testcase classname="testScript.TC_LoginwithINValidData" name="TC_ValidDomainSubmission" time="3.484"/>
  <testcase classname="testScript.TC_LoginwithINValidData" name="TC_InValidSignInwithBlankEmail" time="4.301"/>
</testsuite> <!-- testScript.TC_LoginwithINValidData -->
