<?xml version="1.0" encoding="UTF-8"?>
<!-- Generated by org.testng.reporters.JUnitReportReporter -->
<testsuite hostname="darshan" failures="0" tests="17" name="testScript.TC_InquiryInternalFunctionalities" time="422.634" errors="0" timestamp="27 Nov 2019 11:07:46 GMT">
  <testcase classname="testScript.TC_InquiryInternalFunctionalities" name="TC_ViewImage" time="30.464"/>
  <testcase classname="testScript.TC_InquiryInternalFunctionalities" name="TC_ValidDomainSubmission" time="40.103"/>
  <testcase classname="testScript.TC_InquiryInternalFunctionalities" name="TC_SignOut" time="6.218"/>
  <testcase classname="testScript.TC_InquiryInternalFunctionalities" name="TC_UnArchiveInquiry" time="47.002"/>
  <testcase classname="testScript.TC_InquiryInternalFunctionalities" name="TC_SendMessageToChat" time="13.822"/>
  <testcase classname="testScript.TC_InquiryInternalFunctionalities" name="TC_AttachMediaDocument" time="17.980"/>
  <testcase classname="testScript.TC_InquiryInternalFunctionalities" name="TC_DeleteNotes" time="16.235"/>
  <testcase classname="testScript.TC_InquiryInternalFunctionalities" name="TC_ArchiveInquiry" time="28.372"/>
  <testcase classname="testScript.TC_InquiryInternalFunctionalities" name="TC_AddParticipantInInquiry" time="50.761"/>
  <testcase classname="testScript.TC_InquiryInternalFunctionalities" name="TC_VideoCall" time="23.033"/>
  <testcase classname="testScript.TC_InquiryInternalFunctionalities" name="TC_AddNotes" time="27.587"/>
  <testcase classname="testScript.TC_InquiryInternalFunctionalities" name="TC_EditNotes" time="17.444"/>
  <testcase classname="testScript.TC_InquiryInternalFunctionalities" name="TC_AttachMediaVideo" time="18.968"/>
  <testcase classname="testScript.TC_InquiryInternalFunctionalities" name="TC_RemoveParticipant" time="21.636"/>
  <testcase classname="testScript.TC_InquiryInternalFunctionalities" name="TC_EditInquiryDetails" time="35.868"/>
  <testcase classname="testScript.TC_InquiryInternalFunctionalities" name="TC_InquiryList" time="4.548"/>
  <testcase classname="testScript.TC_InquiryInternalFunctionalities" name="TC_AttachMediaPhoto" time="22.593"/>
</testsuite> <!-- testScript.TC_InquiryInternalFunctionalities -->
