<?xml version="1.0" encoding="UTF-8"?>
<!-- Generated by org.testng.reporters.JUnitReportReporter -->
<testsuite hostname="darshan" failures="0" tests="3" name="testScript.TC_SignUpwithValidUserId" time="54.483" errors="0" timestamp="8 Nov 2019 06:34:33 GMT">
  <testcase classname="testScript.TC_SignUpwithValidUserId" name="SignInforSignUp" time="12.947"/>
  <testcase classname="testScript.TC_SignUpwithValidUserId" name="TC_SignUpwithEmailandPassword" time="21.326"/>
  <testcase classname="testScript.TC_SignUpwithValidUserId" name="TC_SignInafterRegister" time="20.210"/>
</testsuite> <!-- testScript.TC_SignUpwithValidUserId -->
