<?xml version="1.0" encoding="UTF-8"?>
<!-- Generated by org.testng.reporters.JUnitReportReporter -->
<testsuite hostname="darshan" failures="0" tests="4" name="testScript.TC_NewInquiry" time="63.691" errors="0" timestamp="22 Nov 2019 07:52:53 GMT">
  <testcase classname="testScript.TC_NewInquiry" name="TC_SignOut" time="2.253"/>
  <testcase classname="testScript.TC_NewInquiry" name="TC_CreateNewInquiry" time="40.648"/>
  <testcase classname="testScript.TC_NewInquiry" name="TC_ValidDomainSubmission" time="7.327"/>
  <testcase classname="testScript.TC_NewInquiry" name="TC_SignIn" time="13.463"/>
</testsuite> <!-- testScript.TC_NewInquiry -->
