<?xml version="1.0" encoding="UTF-8"?>
<!-- Generated by org.testng.reporters.JUnitReportReporter -->
<testsuite hostname="darshan" failures="0" tests="5" name="testScript.TC_SignUpwithINValidData" time="114.939" errors="0" timestamp="24 Oct 2019 13:49:36 GMT">
  <testcase classname="testScript.TC_SignUpwithINValidData" name="TC_SignUpwithBlankUserIdInvalidData" time="8.115"/>
  <testcase classname="testScript.TC_SignUpwithINValidData" name="TC_SignUpwithUserIdInvalidData" time="29.222"/>
  <testcase classname="testScript.TC_SignUpwithINValidData" name="TC_SignUpwithBlankEmailIdInvalidData" time="8.574"/>
  <testcase classname="testScript.TC_SignUpwithINValidData" name="TC_SignUpwithEmailIdInvalidData" time="57.857"/>
  <testcase classname="testScript.TC_SignUpwithINValidData" name="AddUserSignUp" time="11.171"/>
</testsuite> <!-- testScript.TC_SignUpwithINValidData -->
