<?xml version="1.0" encoding="UTF-8"?>
<!-- Generated by org.testng.reporters.JUnitReportReporter -->
<testsuite hostname="darshan" failures="0" tests="4" name="testScript.TC_ShowMewithValidData" time="95.469" errors="0" timestamp="10 Dec 2019 06:52:44 GMT">
  <testcase classname="testScript.TC_ShowMewithValidData" name="TC_SignIn" time="14.786"/>
  <testcase classname="testScript.TC_ShowMewithValidData" name="TC_CreateSessionwithSMS" time="48.899"/>
  <testcase classname="testScript.TC_ShowMewithValidData" name="TC_ValidDomainSubmission" time="15.347"/>
  <testcase classname="testScript.TC_ShowMewithValidData" name="TC_CreateSessionwithWhatsApp" time="16.437"/>
</testsuite> <!-- testScript.TC_ShowMewithValidData -->
