<?xml version="1.0" encoding="UTF-8"?>
<!-- Generated by org.testng.reporters.JUnitReportReporter -->
<testsuite hostname="darshan" failures="0" tests="3" name="testScript.TC_ShowMewithValidData" time="37.657" errors="0" timestamp="26 Dec 2019 11:31:03 GMT">
  <testcase classname="testScript.TC_ShowMewithValidData" name="TC_CreateSessionwithSMS" time="7.635"/>
  <testcase classname="testScript.TC_ShowMewithValidData" name="TC_ValidDomainSubmission" time="15.259"/>
  <testcase classname="testScript.TC_ShowMewithValidData" name="TC_SignIn" time="14.763"/>
</testsuite> <!-- testScript.TC_ShowMewithValidData -->
