<?xml version="1.0" encoding="UTF-8"?>
<!-- Generated by org.testng.reporters.JUnitReportReporter -->
<testsuite hostname="darshan" failures="0" tests="4" name="testScript.TC_NewInquiry" time="123.407" errors="0" timestamp="27 Nov 2019 11:07:46 GMT">
  <testcase classname="testScript.TC_NewInquiry" name="TC_CreateNewInquiry" time="74.261"/>
  <testcase classname="testScript.TC_NewInquiry" name="TC_ValidDomainSubmission" time="15.311"/>
  <testcase classname="testScript.TC_NewInquiry" name="TC_SignOut" time="6.218"/>
  <testcase classname="testScript.TC_NewInquiry" name="TC_SignIn" time="27.617"/>
</testsuite> <!-- testScript.TC_NewInquiry -->
