<?xml version="1.0" encoding="UTF-8"?>
<!-- Generated by org.testng.reporters.JUnitReportReporter -->
<testsuite hostname="darshan" failures="0" tests="3" name="testScript.TC_InquiryInternalFunctionalities" time="67.435" errors="0" timestamp="29 Nov 2019 10:41:52 GMT">
  <testcase classname="testScript.TC_InquiryInternalFunctionalities" name="TC_ValidDomainSubmission" time="40.206"/>
  <testcase classname="testScript.TC_InquiryInternalFunctionalities" name="TC_InquiryList" time="4.549"/>
  <testcase classname="testScript.TC_InquiryInternalFunctionalities" name="TC_RemoveParticipant" time="22.680"/>
</testsuite> <!-- testScript.TC_InquiryInternalFunctionalities -->
