<?xml version="1.0" encoding="UTF-8"?>
<!-- Generated by org.testng.reporters.JUnitReportReporter -->
<testsuite hostname="darshan" failures="0" tests="2" name="testScript.TC_LoginwithINValidData" time="37.570" errors="0" timestamp="23 Oct 2019 12:30:48 GMT">
  <testcase classname="testScript.TC_LoginwithINValidData" name="TC_InvalidSignin" time="33.933"/>
  <testcase classname="testScript.TC_LoginwithINValidData" name="TC_ValidDomainSubmission" time="3.637"/>
</testsuite> <!-- testScript.TC_LoginwithINValidData -->
