<?xml version="1.0" encoding="UTF-8"?>
<!-- Generated by org.testng.reporters.JUnitReportReporter -->
<testsuite hostname="darshan" failures="0" tests="5" name="testScript.TC_UploadDocumentswithInvalidData" time="84.741" errors="0" timestamp="17 Dec 2019 12:49:51 GMT">
  <testcase classname="testScript.TC_UploadDocumentswithInvalidData" name="TC_UploadDocumentwithBlankValue" time="30.787"/>
  <testcase classname="testScript.TC_UploadDocumentswithInvalidData" name="TC_SignIn" time="14.654"/>
  <testcase classname="testScript.TC_UploadDocumentswithInvalidData" name="TC_SignOut" time="6.194"/>
  <testcase classname="testScript.TC_UploadDocumentswithInvalidData" name="TC_ValidDomainSubmission" time="15.318"/>
  <testcase classname="testScript.TC_UploadDocumentswithInvalidData" name="TC_UploadDocumentwithInvalidValue" time="17.788"/>
</testsuite> <!-- testScript.TC_UploadDocumentswithInvalidData -->
