<?xml version="1.0" encoding="UTF-8"?>
<!-- Generated by org.testng.reporters.JUnitReportReporter -->
<testsuite hostname="darshan" failures="0" tests="3" name="testScript.TC_CreateGroupwithValidData" time="87.977" errors="0" timestamp="27 Nov 2019 11:40:36 GMT">
  <testcase classname="testScript.TC_CreateGroupwithValidData" name="TC_CreateGroupwithValidValues" time="41.078"/>
  <testcase classname="testScript.TC_CreateGroupwithValidData" name="TC_SignOut" time="6.764"/>
  <testcase classname="testScript.TC_CreateGroupwithValidData" name="TC_SignIN" time="40.135"/>
</testsuite> <!-- testScript.TC_CreateGroupwithValidData -->
