<?xml version="1.0" encoding="UTF-8"?>
<!-- Generated by org.testng.reporters.JUnitReportReporter -->
<testsuite hostname="darshan" failures="0" tests="4" name="testScript.TC_NewInquirywithInvalidData" time="56.596" errors="0" timestamp="4 Nov 2019 10:07:56 GMT">
  <testcase classname="testScript.TC_NewInquirywithInvalidData" name="TC_CreateNewInquirywithBlankValues" time="8.308"/>
  <testcase classname="testScript.TC_NewInquirywithInvalidData" name="TC_SignIn" time="12.100"/>
  <testcase classname="testScript.TC_NewInquirywithInvalidData" name="TC_ValidDomainSubmission" time="3.208"/>
  <testcase classname="testScript.TC_NewInquirywithInvalidData" name="TC_CreateNewInquirywithInvalidValues" time="32.980"/>
</testsuite> <!-- testScript.TC_NewInquirywithInvalidData -->
