<?xml version="1.0" encoding="UTF-8"?>
<!-- Generated by org.testng.reporters.JUnitReportReporter -->
<testsuite hostname="darshan" failures="0" tests="1" name="testScript.TC_VerifyDomainwithINValidData" time="6.537" errors="0" timestamp="7 Nov 2019 12:01:17 GMT">
  <testcase classname="testScript.TC_VerifyDomainwithINValidData" name="TC_InvalidDomainSubmission" time="6.537"/>
</testsuite> <!-- testScript.TC_VerifyDomainwithINValidData -->
