<?xml version="1.0" encoding="UTF-8"?>
<!-- Generated by org.testng.reporters.JUnitReportReporter -->
<testsuite hostname="darshan" failures="0" tests="1" name="testScript.TC_SignUpwithINValidData2" time="104.917" errors="0" timestamp="23 Oct 2019 12:30:48 GMT">
  <testcase classname="testScript.TC_SignUpwithINValidData2" name="TC_SignUpwithInvalidData" time="104.917"/>
</testsuite> <!-- testScript.TC_SignUpwithINValidData2 -->
