<?xml version="1.0" encoding="UTF-8"?>
<!-- Generated by org.testng.reporters.JUnitReportReporter -->
<testsuite hostname="darshan" failures="0" tests="1" name="testScript.TC_VerifyDomainwithValidData" time="3.261" errors="0" timestamp="24 Oct 2019 13:49:36 GMT">
  <testcase classname="testScript.TC_VerifyDomainwithValidData" name="TC_ValidDomainSubmission" time="3.261"/>
</testsuite> <!-- testScript.TC_VerifyDomainwithValidData -->
