<?xml version="1.0" encoding="UTF-8"?>
<!-- Generated by org.testng.reporters.JUnitReportReporter -->
<testsuite hostname="darshan" failures="0" tests="1" name="testScript.TC_NeedHelp" time="24.165" errors="0" timestamp="21 Oct 2019 07:55:30 GMT">
  <testcase classname="testScript.TC_NeedHelp" name="TC_Need_Help" time="24.165"/>
</testsuite> <!-- testScript.TC_NeedHelp -->
