<?xml version="1.0" encoding="UTF-8"?>
<!-- Generated by org.testng.reporters.JUnitReportReporter -->
<testsuite hostname="darshan" failures="0" tests="13" name="testScript.TC_Showme" time="227.664" errors="0" timestamp="19 Nov 2019 12:37:41 GMT">
  <testcase classname="testScript.TC_Showme" name="TC_CopySessionUrlEllipsisOptio" time="7.539"/>
  <testcase classname="testScript.TC_Showme" name="TC_DeleteSessionEllipsisOptio" time="20.198"/>
  <testcase classname="testScript.TC_Showme" name="TC_CopySessionCode" time="15.484"/>
  <testcase classname="testScript.TC_Showme" name="TC_JoinCall" time="25.482"/>
  <testcase classname="testScript.TC_Showme" name="TC_SignOut" time="2.314"/>
  <testcase classname="testScript.TC_Showme" name="TC_CreateSessionwithSMS" time="30.045"/>
  <testcase classname="testScript.TC_Showme" name="TC_CreateSessionwithWhatsApp" time="35.350"/>
  <testcase classname="testScript.TC_Showme" name="TC_InviteEllipsisOption" time="5.793"/>
  <testcase classname="testScript.TC_Showme" name="TC_CopyGuestURL" time="18.402"/>
  <testcase classname="testScript.TC_Showme" name="TC_EndSessionEllipsisOption" time="3.354"/>
  <testcase classname="testScript.TC_Showme" name="TC_ValidDomainSubmission" time="7.270"/>
  <testcase classname="testScript.TC_Showme" name="TC_SignIn" time="21.163"/>
  <testcase classname="testScript.TC_Showme" name="TC_CreateSessionwithEmail" time="35.270"/>
</testsuite> <!-- testScript.TC_Showme -->
