<?xml version="1.0" encoding="UTF-8"?>
<!-- Generated by org.testng.reporters.JUnitReportReporter -->
<testsuite hostname="darshan" failures="0" tests="2" name="testScript.TC_ForgotPasswordwithINValidData" time="16.170" errors="0" timestamp="21 Oct 2019 08:12:39 GMT">
  <testcase classname="testScript.TC_ForgotPasswordwithINValidData" name="TC_ValidDomainSubmission" time="4.094"/>
  <testcase classname="testScript.TC_ForgotPasswordwithINValidData" name="TC_InvalidForgotPassword" time="12.076"/>
</testsuite> <!-- testScript.TC_ForgotPasswordwithINValidData -->
