<?xml version="1.0" encoding="UTF-8"?>
<!-- Generated by org.testng.reporters.JUnitReportReporter -->
<testsuite hostname="darshan" failures="0" tests="2" name="testScript.TC_VerifyDomainwithINValidData" time="7.173" errors="0" timestamp="21 Oct 2019 07:48:34 GMT">
  <testcase classname="testScript.TC_VerifyDomainwithINValidData" name="TC_ValidDomainSubmission" time="1.468"/>
  <testcase classname="testScript.TC_VerifyDomainwithINValidData" name="TC_InvalidDomainSubmission" time="5.705"/>
</testsuite> <!-- testScript.TC_VerifyDomainwithINValidData -->
