<?xml version="1.0" encoding="UTF-8"?>
<!-- Generated by org.testng.reporters.JUnitReportReporter -->
<testsuite hostname="darshan" failures="0" tests="1" name="testScript.TC_NeedHelp" time="22.554" errors="0" timestamp="15 Nov 2019 11:39:40 GMT">
  <testcase classname="testScript.TC_NeedHelp" name="TC_Need_Help" time="22.554"/>
</testsuite> <!-- testScript.TC_NeedHelp -->
