<?xml version="1.0" encoding="UTF-8"?>
<!-- Generated by org.testng.reporters.JUnitReportReporter -->
<testsuite hostname="darshan" failures="0" tests="3" name="testScript.TC_SignUpwithValidEmail" time="161.670" errors="0" timestamp="27 Nov 2019 11:56:06 GMT">
  <testcase classname="testScript.TC_SignUpwithValidEmail" name="SignInforSignUp" time="40.066"/>
  <testcase classname="testScript.TC_SignUpwithValidEmail" name="TC_SignUpwithEmailandPassword" time="84.412"/>
  <testcase classname="testScript.TC_SignUpwithValidEmail" name="TC_SignInafterRegister" time="37.192"/>
</testsuite> <!-- testScript.TC_SignUpwithValidEmail -->
