<?xml version="1.0" encoding="UTF-8"?>
<!-- Generated by org.testng.reporters.JUnitReportReporter -->
<testsuite hostname="darshan" failures="0" tests="3" name="testScript.TC_CreateInquiryFromGroupTab" time="57.341" errors="0" timestamp="21 Nov 2019 06:32:43 GMT">
  <testcase classname="testScript.TC_CreateInquiryFromGroupTab" name="TC_SignIN" time="25.160"/>
  <testcase classname="testScript.TC_CreateInquiryFromGroupTab" name="TC_CreateInquiryFromGroupModule" time="29.942"/>
  <testcase classname="testScript.TC_CreateInquiryFromGroupTab" name="TC_SignOut" time="2.239"/>
</testsuite> <!-- testScript.TC_CreateInquiryFromGroupTab -->
