<?xml version="1.0" encoding="UTF-8"?>
<!-- Generated by org.testng.reporters.JUnitReportReporter -->
<testsuite hostname="darshan" failures="0" tests="2" name="testScript.TC_ForgotPasswordwithValidData" time="7.184" errors="0" timestamp="21 Oct 2019 08:12:02 GMT">
  <testcase classname="testScript.TC_ForgotPasswordwithValidData" name="TC_ValidDomainSubmission" time="3.454"/>
  <testcase classname="testScript.TC_ForgotPasswordwithValidData" name="TC_ForgotPassword" time="3.730"/>
</testsuite> <!-- testScript.TC_ForgotPasswordwithValidData -->
