<?xml version="1.0" encoding="UTF-8"?>
<!-- Generated by org.testng.reporters.JUnitReportReporter -->
<testsuite hostname="darshan" failures="0" tests="3" name="testScript.TC_SignUpInvitewithEmailwithoutPassword" time="50.285" errors="0" timestamp="24 Oct 2019 13:49:36 GMT">
  <testcase classname="testScript.TC_SignUpInvitewithEmailwithoutPassword" name="SignInforSignUp" time="10.269"/>
  <testcase classname="testScript.TC_SignUpInvitewithEmailwithoutPassword" name="TC_SignInafterRegister" time="21.259"/>
  <testcase classname="testScript.TC_SignUpInvitewithEmailwithoutPassword" name="TC_SignUpwithEmailwithoutPassword" time="18.757"/>
</testsuite> <!-- testScript.TC_SignUpInvitewithEmailwithoutPassword -->
