<?xml version="1.0" encoding="UTF-8"?>
<!-- Generated by org.testng.reporters.JUnitReportReporter -->
<testsuite hostname="darshan" failures="0" tests="3" name="testScript.TC_SignUpwithValidUserId" time="143.983" errors="0" timestamp="27 Nov 2019 11:56:06 GMT">
  <testcase classname="testScript.TC_SignUpwithValidUserId" name="SignInforSignUp" time="40.131"/>
  <testcase classname="testScript.TC_SignUpwithValidUserId" name="TC_SignInafterRegister" time="42.964"/>
  <testcase classname="testScript.TC_SignUpwithValidUserId" name="TC_SignUpwithEmailandPassword" time="60.888"/>
</testsuite> <!-- testScript.TC_SignUpwithValidUserId -->
