<?xml version="1.0" encoding="UTF-8"?>
<!-- Generated by org.testng.reporters.JUnitReportReporter -->
<testsuite hostname="darshan" failures="0" tests="4" name="testScript.TC_ForgotPasswordwithINValidData" time="27.440" errors="0" timestamp="27 Nov 2019 12:03:14 GMT">
  <testcase classname="testScript.TC_ForgotPasswordwithINValidData" name="TC_InValidForgotPasswordwithNotRegisteredEmail" time="4.728"/>
  <testcase classname="testScript.TC_ForgotPasswordwithINValidData" name="TC_InValidForgotPasswordwithInvalidEmail" time="4.078"/>
  <testcase classname="testScript.TC_ForgotPasswordwithINValidData" name="TC_ValidDomainSubmission" time="15.313"/>
  <testcase classname="testScript.TC_ForgotPasswordwithINValidData" name="TC_InValidForgotPasswordwithBlankEmail" time="3.321"/>
</testsuite> <!-- testScript.TC_ForgotPasswordwithINValidData -->
