<?xml version="1.0" encoding="UTF-8"?>
<!-- Generated by org.testng.reporters.JUnitReportReporter -->
<testsuite hostname="darshan" failures="0" tests="1" name="testScript.TC_NeedHelp" time="29.478" errors="0" timestamp="27 Nov 2019 12:03:14 GMT">
  <testcase classname="testScript.TC_NeedHelp" name="TC_Need_Help" time="29.478"/>
</testsuite> <!-- testScript.TC_NeedHelp -->
