<?xml version="1.0" encoding="UTF-8"?>
<!-- Generated by org.testng.reporters.JUnitReportReporter -->
<testsuite hostname="darshan" failures="0" tests="4" name="testScript.TC_UploadDocuments" time="101.528" errors="0" timestamp="17 Dec 2019 12:49:51 GMT">
  <testcase classname="testScript.TC_UploadDocuments" name="TC_ValidDomainSubmission" time="15.333"/>
  <testcase classname="testScript.TC_UploadDocuments" name="TC_SignOut" time="6.202"/>
  <testcase classname="testScript.TC_UploadDocuments" name="TC_UploadDocument" time="65.348"/>
  <testcase classname="testScript.TC_UploadDocuments" name="TC_SignIn" time="14.645"/>
</testsuite> <!-- testScript.TC_UploadDocuments -->
