<?xml version="1.0" encoding="UTF-8"?>
<!-- Generated by org.testng.reporters.JUnitReportReporter -->
<testsuite hostname="darshan" failures="0" tests="1" name="testScript.TC_NeedHelp" time="21.085" errors="0" timestamp="8 Nov 2019 10:20:26 GMT">
  <testcase classname="testScript.TC_NeedHelp" name="TC_Need_Help" time="21.085"/>
</testsuite> <!-- testScript.TC_NeedHelp -->
