<?xml version="1.0" encoding="UTF-8"?>
<!-- Generated by org.testng.reporters.JUnitReportReporter -->
<testsuite hostname="darshan" failures="0" tests="5" name="testScript.TC_LoginwithINValidData" time="33.444" errors="0" timestamp="24 Oct 2019 13:49:36 GMT">
  <testcase classname="testScript.TC_LoginwithINValidData" name="TC_InValidSignInwithBlankEmailPassword" time="1.685"/>
  <testcase classname="testScript.TC_LoginwithINValidData" name="TC_InValidSignInwithBlankEmail" time="4.350"/>
  <testcase classname="testScript.TC_LoginwithINValidData" name="TC_ValidDomainSubmission" time="3.272"/>
  <testcase classname="testScript.TC_LoginwithINValidData" name="TC_InvalidsignInwithInvalidEmailPassword" time="15.359"/>
  <testcase classname="testScript.TC_LoginwithINValidData" name="TC_InValidSignInwithBlankPassword" time="8.778"/>
</testsuite> <!-- testScript.TC_LoginwithINValidData -->
