<?xml version="1.0" encoding="UTF-8"?>
<!-- Generated by org.testng.reporters.JUnitReportReporter -->
<testsuite hostname="darshan" failures="0" tests="5" name="testScript.TC_CreateGroupwithInValidData" time="77.843" errors="0" timestamp="20 Nov 2019 13:19:58 GMT">
  <testcase classname="testScript.TC_CreateGroupwithInValidData" name="TC_SignOut" time="2.220"/>
  <testcase classname="testScript.TC_CreateGroupwithInValidData" name="TC_CreateGroupwithBlankData" time="15.673"/>
  <testcase classname="testScript.TC_CreateGroupwithInValidData" name="TC_CreateGroupwithInValidValues" time="19.611"/>
  <testcase classname="testScript.TC_CreateGroupwithInValidData" name="TC_CreateGroupwithoutAddingParticipants" time="13.775"/>
  <testcase classname="testScript.TC_CreateGroupwithInValidData" name="TC_SignIN" time="26.564"/>
</testsuite> <!-- testScript.TC_CreateGroupwithInValidData -->
