<?xml version="1.0" encoding="UTF-8"?>
<!-- Generated by org.testng.reporters.JUnitReportReporter -->
<testsuite hostname="darshan" failures="0" tests="3" name="testScript.TC_SignUpwithValidEmail" time="52.279" errors="0" timestamp="8 Nov 2019 06:34:33 GMT">
  <testcase classname="testScript.TC_SignUpwithValidEmail" name="TC_SignInafterRegister" time="18.640"/>
  <testcase classname="testScript.TC_SignUpwithValidEmail" name="SignInforSignUp" time="12.720"/>
  <testcase classname="testScript.TC_SignUpwithValidEmail" name="TC_SignUpwithEmailandPassword" time="20.919"/>
</testsuite> <!-- testScript.TC_SignUpwithValidEmail -->
