<?xml version="1.0" encoding="UTF-8"?>
<!-- Generated by org.testng.reporters.JUnitReportReporter -->
<testsuite hostname="darshan" failures="0" tests="2" name="testScript.TC_ForgotPasswordwithValidData" time="7.339" errors="0" timestamp="24 Oct 2019 13:49:36 GMT">
  <testcase classname="testScript.TC_ForgotPasswordwithValidData" name="TC_ForgotPassword" time="4.039"/>
  <testcase classname="testScript.TC_ForgotPasswordwithValidData" name="TC_ValidDomainSubmission" time="3.300"/>
</testsuite> <!-- testScript.TC_ForgotPasswordwithValidData -->
