<?xml version="1.0" encoding="UTF-8"?>
<!-- Generated by org.testng.reporters.JUnitReportReporter -->
<testsuite hostname="darshan" failures="0" tests="5" name="testScript.TC_SignUpwithVerifyINValidData" time="19.402" errors="0" timestamp="8 Nov 2019 06:34:33 GMT">
  <testcase classname="testScript.TC_SignUpwithVerifyINValidData" name="TC_VerifyNotRegisteredVerifyEmail" time="2.699"/>
  <testcase classname="testScript.TC_SignUpwithVerifyINValidData" name="TC_VerifyInvalidVerifyUserId" time="2.623"/>
  <testcase classname="testScript.TC_SignUpwithVerifyINValidData" name="TC_VerifyNotRegisteredVerifyUserId" time="3.649"/>
  <testcase classname="testScript.TC_SignUpwithVerifyINValidData" name="TC_VerifyBlankVerifyEmailUserid" time="6.758"/>
  <testcase classname="testScript.TC_SignUpwithVerifyINValidData" name="TC_VerifyInvalidVerifyEmail" time="3.673"/>
</testsuite> <!-- testScript.TC_SignUpwithVerifyINValidData -->
