<?xml version="1.0" encoding="UTF-8"?>
<!-- Generated by org.testng.reporters.JUnitReportReporter -->
<testsuite hostname="darshan" failures="0" tests="1" name="testScript.TC_VerifyDomainwithValidData" time="3.474" errors="0" timestamp="7 Nov 2019 12:01:17 GMT">
  <testcase classname="testScript.TC_VerifyDomainwithValidData" name="TC_ValidDomainSubmission" time="3.474"/>
</testsuite> <!-- testScript.TC_VerifyDomainwithValidData -->
