<?xml version="1.0" encoding="UTF-8"?>
<!-- Generated by org.testng.reporters.JUnitReportReporter -->
<testsuite hostname="darshan" failures="0" tests="3" name="testScript.TC_LoginwithValidData" time="47.895" errors="0" timestamp="27 Nov 2019 12:03:14 GMT">
  <testcase classname="testScript.TC_LoginwithValidData" name="TC_SignOut" time="6.805"/>
  <testcase classname="testScript.TC_LoginwithValidData" name="TC_ValidDomainSubmission" time="15.346"/>
  <testcase classname="testScript.TC_LoginwithValidData" name="TC_SignIn" time="25.744"/>
</testsuite> <!-- testScript.TC_LoginwithValidData -->
