<?xml version="1.0" encoding="UTF-8"?>
<!-- Generated by org.testng.reporters.JUnitReportReporter -->
<testsuite hostname="darshan" failures="0" tests="17" name="testScript.TC_InquiryInternalFunctionalities" time="211.411" errors="0" timestamp="15 Nov 2019 13:29:04 GMT">
  <testcase classname="testScript.TC_InquiryInternalFunctionalities" name="TC_InquiryList" time="4.529"/>
  <testcase classname="testScript.TC_InquiryInternalFunctionalities" name="TC_SendMessageToChat" time="4.827"/>
  <testcase classname="testScript.TC_InquiryInternalFunctionalities" name="TC_AddParticipantInInquiry" time="42.323"/>
  <testcase classname="testScript.TC_InquiryInternalFunctionalities" name="TC_AddNotes" time="5.537"/>
  <testcase classname="testScript.TC_InquiryInternalFunctionalities" name="TC_EditNotes" time="7.404"/>
  <testcase classname="testScript.TC_InquiryInternalFunctionalities" name="TC_VideoCall" time="13.052"/>
  <testcase classname="testScript.TC_InquiryInternalFunctionalities" name="TC_ArchiveInquiry" time="8.370"/>
  <testcase classname="testScript.TC_InquiryInternalFunctionalities" name="TC_EditInquiryDetails" time="13.325"/>
  <testcase classname="testScript.TC_InquiryInternalFunctionalities" name="TC_DeleteNotes" time="6.184"/>
  <testcase classname="testScript.TC_InquiryInternalFunctionalities" name="TC_AttachMediaPhoto" time="12.753"/>
  <testcase classname="testScript.TC_InquiryInternalFunctionalities" name="TC_UnArchiveInquiry" time="15.252"/>
  <testcase classname="testScript.TC_InquiryInternalFunctionalities" name="TC_ValidDomainSubmission" time="21.453"/>
  <testcase classname="testScript.TC_InquiryInternalFunctionalities" name="TC_SignOut" time="2.188"/>
  <testcase classname="testScript.TC_InquiryInternalFunctionalities" name="TC_AttachMediaVideo" time="8.972"/>
  <testcase classname="testScript.TC_InquiryInternalFunctionalities" name="TC_ViewImage" time="25.515"/>
  <testcase classname="testScript.TC_InquiryInternalFunctionalities" name="TC_RemoveParticipant" time="11.682"/>
  <testcase classname="testScript.TC_InquiryInternalFunctionalities" name="TC_AttachMediaDocument" time="8.045"/>
</testsuite> <!-- testScript.TC_InquiryInternalFunctionalities -->
