<?xml version="1.0" encoding="UTF-8"?>
<!-- Generated by org.testng.reporters.JUnitReportReporter -->
<testsuite hostname="darshan" failures="0" tests="8" name="testScript.TC_GroupModuleInternalFunctionality" time="205.530" errors="0" timestamp="27 Nov 2019 11:40:36 GMT">
  <testcase classname="testScript.TC_GroupModuleInternalFunctionality" name="TC_ViewGroupMembers" time="34.009"/>
  <testcase classname="testScript.TC_GroupModuleInternalFunctionality" name="TC_CreateNewGroupwithValidData" time="40.940"/>
  <testcase classname="testScript.TC_GroupModuleInternalFunctionality" name="TC_EditGroupDetails" time="33.307"/>
  <testcase classname="testScript.TC_GroupModuleInternalFunctionality" name="TC_DeleteGroupMember" time="23.201"/>
  <testcase classname="testScript.TC_GroupModuleInternalFunctionality" name="TC_SignOut" time="6.204"/>
  <testcase classname="testScript.TC_GroupModuleInternalFunctionality" name="TC_AddGroupMembers" time="9.796"/>
  <testcase classname="testScript.TC_GroupModuleInternalFunctionality" name="TC_SetOrRemoveGroupDefault" time="17.879"/>
  <testcase classname="testScript.TC_GroupModuleInternalFunctionality" name="TC_SignIN" time="40.194"/>
</testsuite> <!-- testScript.TC_GroupModuleInternalFunctionality -->
