<?xml version="1.0" encoding="UTF-8"?>
<!-- Generated by org.testng.reporters.JUnitReportReporter -->
<testsuite hostname="darshan" failures="0" tests="2" name="testScript.TC_SignUpInvitewithValidData" time="121.397" errors="0" timestamp="21 Oct 2019 10:51:21 GMT">
  <testcase classname="testScript.TC_SignUpInvitewithValidData" name="TC_SignUpwithUserIdwithoutPassword" time="82.204"/>
  <testcase classname="testScript.TC_SignUpInvitewithValidData" name="TC_SignUpwithEmailwithoutPassword" time="39.193"/>
</testsuite> <!-- testScript.TC_SignUpInvitewithValidData -->
