<?xml version="1.0" encoding="UTF-8"?>
<!-- Generated by org.testng.reporters.JUnitReportReporter -->
<testsuite hostname="darshan" failures="0" tests="4" name="testScript.TC_NewInquiry" time="102.412" errors="0" timestamp="20 Dec 2019 06:02:37 GMT">
  <testcase classname="testScript.TC_NewInquiry" name="TC_SignIn" time="15.033"/>
  <testcase classname="testScript.TC_NewInquiry" name="TC_CreateNewInquiry" time="65.720"/>
  <testcase classname="testScript.TC_NewInquiry" name="TC_ValidDomainSubmission" time="15.350"/>
  <testcase classname="testScript.TC_NewInquiry" name="TC_SignOut" time="6.309"/>
</testsuite> <!-- testScript.TC_NewInquiry -->
