<?xml version="1.0" encoding="UTF-8"?>
<!-- Generated by org.testng.reporters.JUnitReportReporter -->
<testsuite hostname="darshan" failures="0" tests="3" name="testScript.TC_SignUpInvitewithEmailwithoutPassword" time="65.716" errors="0" timestamp="8 Nov 2019 06:34:33 GMT">
  <testcase classname="testScript.TC_SignUpInvitewithEmailwithoutPassword" name="SignInforSignUp" time="14.450"/>
  <testcase classname="testScript.TC_SignUpInvitewithEmailwithoutPassword" name="TC_SignInafterRegister" time="33.247"/>
  <testcase classname="testScript.TC_SignUpInvitewithEmailwithoutPassword" name="TC_SignUpwithEmailwithoutPassword" time="18.019"/>
</testsuite> <!-- testScript.TC_SignUpInvitewithEmailwithoutPassword -->
