<?xml version="1.0" encoding="UTF-8"?>
<!-- Generated by org.testng.reporters.JUnitReportReporter -->
<testsuite hostname="darshan" failures="0" tests="7" name="testScript.TC_GroupModuleInternalFunctionality" time="121.426" errors="0" timestamp="22 Nov 2019 07:45:14 GMT">
  <testcase classname="testScript.TC_GroupModuleInternalFunctionality" name="TC_ViewGroupMembers" time="16.081"/>
  <testcase classname="testScript.TC_GroupModuleInternalFunctionality" name="TC_DeleteGroupMember" time="20.028"/>
  <testcase classname="testScript.TC_GroupModuleInternalFunctionality" name="TC_SignOut" time="2.188"/>
  <testcase classname="testScript.TC_GroupModuleInternalFunctionality" name="TC_AddGroupMembers" time="6.690"/>
  <testcase classname="testScript.TC_GroupModuleInternalFunctionality" name="TC_EditGroupDetails" time="21.738"/>
  <testcase classname="testScript.TC_GroupModuleInternalFunctionality" name="TC_SignIN" time="37.867"/>
  <testcase classname="testScript.TC_GroupModuleInternalFunctionality" name="TC_SetOrRemoveGroupDefault" time="16.834"/>
</testsuite> <!-- testScript.TC_GroupModuleInternalFunctionality -->
