<?xml version="1.0" encoding="UTF-8"?>
<!-- Generated by org.testng.reporters.JUnitReportReporter -->
<testsuite hostname="darshan" failures="0" tests="4" name="testScript.TC_CreateGroupwithValidData" time="68.943" errors="0" timestamp="22 Nov 2019 07:07:56 GMT">
  <testcase classname="testScript.TC_CreateGroupwithValidData" name="TC_SignOut" time="2.227"/>
  <testcase classname="testScript.TC_CreateGroupwithValidData" name="TC_SignIN" time="24.606"/>
  <testcase classname="testScript.TC_CreateGroupwithValidData" name="TC_CreateGroupwithValidValues" time="13.039"/>
  <testcase classname="testScript.TC_CreateGroupwithValidData" name="TC_CreateInquiryFromGroupModule" time="29.071"/>
</testsuite> <!-- testScript.TC_CreateGroupwithValidData -->
