<?xml version="1.0" encoding="UTF-8"?>
<!-- Generated by org.testng.reporters.JUnitReportReporter -->
<testsuite hostname="darshan" failures="0" tests="3" name="testScript.TC_LoginwithValidData" time="53.111" errors="0" timestamp="28 Nov 2019 11:43:00 GMT">
  <testcase classname="testScript.TC_LoginwithValidData" name="TC_SignOut" time="6.412"/>
  <testcase classname="testScript.TC_LoginwithValidData" name="TC_SignIn" time="26.346"/>
  <testcase classname="testScript.TC_LoginwithValidData" name="TC_ValidDomainSubmission" time="20.353"/>
</testsuite> <!-- testScript.TC_LoginwithValidData -->
