<?xml version="1.0" encoding="UTF-8"?>
<!-- Generated by org.testng.reporters.JUnitReportReporter -->
<testsuite hostname="darshan" failures="0" tests="3" name="testScript.TC_LoginwithValidData" time="15.354" errors="0" timestamp="4 Nov 2019 14:51:28 GMT">
  <testcase classname="testScript.TC_LoginwithValidData" name="TC_SignIn" time="9.897"/>
  <testcase classname="testScript.TC_LoginwithValidData" name="TC_ValidDomainSubmission" time="3.226"/>
  <testcase classname="testScript.TC_LoginwithValidData" name="TC_SignOut" time="2.231"/>
</testsuite> <!-- testScript.TC_LoginwithValidData -->
