<?xml version="1.0" encoding="UTF-8"?>
<!-- Generated by org.testng.reporters.JUnitReportReporter -->
<testsuite hostname="darshan" failures="0" tests="15" name="testScript.TC_ShowMewithInvalid" time="125.710" errors="0" timestamp="20 Nov 2019 07:43:32 GMT">
  <testcase classname="testScript.TC_ShowMewithInvalid" name="TC_InvalidInvitewithEmailasOnlyAlphabet" time="5.578"/>
  <testcase classname="testScript.TC_ShowMewithInvalid" name="TC_InvalidInvitewithEmailasOnlyAlphaNumeric" time="5.640"/>
  <testcase classname="testScript.TC_ShowMewithInvalid" name="TC_InvalidInvitewithEmailasOnlyNumeric" time="5.646"/>
  <testcase classname="testScript.TC_ShowMewithInvalid" name="TC_InvalidInvitewithInvalidPhoneNumber" time="4.630"/>
  <testcase classname="testScript.TC_ShowMewithInvalid" name="TC_InvalidInvitewithBlankEmail" time="20.192"/>
  <testcase classname="testScript.TC_ShowMewithInvalid" name="TC_InvalidInvitewithBlankMessage" time="5.641"/>
  <testcase classname="testScript.TC_ShowMewithInvalid" name="TC_ValidDomainSubmission" time="7.511"/>
  <testcase classname="testScript.TC_ShowMewithInvalid" name="TC_SignOut" time="2.214"/>
  <testcase classname="testScript.TC_ShowMewithInvalid" name="TC_InvalidCreateSessionReference" time="14.494"/>
  <testcase classname="testScript.TC_ShowMewithInvalid" name="TC_InvalidInvitewithInvalidEmail" time="5.672"/>
  <testcase classname="testScript.TC_ShowMewithInvalid" name="TC_SignIn" time="20.612"/>
  <testcase classname="testScript.TC_ShowMewithInvalid" name="TC_InvalidInvitewithLessDigitPhoneNumber" time="4.522"/>
  <testcase classname="testScript.TC_ShowMewithInvalid" name="TC_InvalidInvitewithBlankPhoneNumber" time="10.250"/>
  <testcase classname="testScript.TC_ShowMewithInvalid" name="TC_InvalidInvitewithMoreDigitPhoneNumber" time="4.655"/>
  <testcase classname="testScript.TC_ShowMewithInvalid" name="TC_InvalidInvitewithInvalidMessageandNumber" time="8.453"/>
</testsuite> <!-- testScript.TC_ShowMewithInvalid -->
