<?xml version="1.0" encoding="UTF-8"?>
<!-- Generated by org.testng.reporters.JUnitReportReporter -->
<testsuite hostname="darshan" failures="0" tests="2" name="testScript.TC_LoginwithINValidDataCopy" time="26.018" errors="0" timestamp="8 Nov 2019 07:08:18 GMT">
  <testcase classname="testScript.TC_LoginwithINValidDataCopy" name="TC_ValidDomainSubmission" time="3.508"/>
  <testcase classname="testScript.TC_LoginwithINValidDataCopy" name="TC_InValidSignInwithRestrictions" time="22.510"/>
</testsuite> <!-- testScript.TC_LoginwithINValidDataCopy -->
