<?xml version="1.0" encoding="UTF-8"?>
<!-- Generated by org.testng.reporters.JUnitReportReporter -->
<testsuite hostname="darshan" failures="0" tests="3" name="testScript.TC_SignUpInvitewithUserIdwithoutPassword" time="49.926" errors="0" timestamp="24 Oct 2019 13:49:36 GMT">
  <testcase classname="testScript.TC_SignUpInvitewithUserIdwithoutPassword" name="SignInforSignUp" time="10.398"/>
  <testcase classname="testScript.TC_SignUpInvitewithUserIdwithoutPassword" name="TC_SignInafterRegister" time="24.527"/>
  <testcase classname="testScript.TC_SignUpInvitewithUserIdwithoutPassword" name="TC_SignUpwithEmailwithoutPassword" time="15.001"/>
</testsuite> <!-- testScript.TC_SignUpInvitewithUserIdwithoutPassword -->
