<?xml version="1.0" encoding="UTF-8"?>
<!-- Generated by org.testng.reporters.JUnitReportReporter -->
<testsuite hostname="darshan" failures="0" tests="2" name="testScript.TC_SignUpwithValidData" time="96.155" errors="0" timestamp="23 Oct 2019 12:30:48 GMT">
  <testcase classname="testScript.TC_SignUpwithValidData" name="TC_SignUpwithEmailandPassword" time="47.260"/>
  <testcase classname="testScript.TC_SignUpwithValidData" name="TC_SignUpwithUserIdandPassword" time="48.895"/>
</testsuite> <!-- testScript.TC_SignUpwithValidData -->
