<?xml version="1.0" encoding="UTF-8"?>
<!-- Generated by org.testng.reporters.JUnitReportReporter -->
<testsuite hostname="darshan" failures="0" tests="5" name="testScript.TC_SignUpwithVerifyINValidData" time="18.337" errors="0" timestamp="7 Nov 2019 12:09:19 GMT">
  <testcase classname="testScript.TC_SignUpwithVerifyINValidData" name="TC_VerifyNotRegisteredVerifyUserId" time="3.690"/>
  <testcase classname="testScript.TC_SignUpwithVerifyINValidData" name="TC_VerifyBlankVerifyEmailUserid" time="6.711"/>
  <testcase classname="testScript.TC_SignUpwithVerifyINValidData" name="TC_VerifyInvalidVerifyUserId" time="2.606"/>
  <testcase classname="testScript.TC_SignUpwithVerifyINValidData" name="TC_VerifyInvalidVerifyEmail" time="2.649"/>
  <testcase classname="testScript.TC_SignUpwithVerifyINValidData" name="TC_VerifyNotRegisteredVerifyEmail" time="2.681"/>
</testsuite> <!-- testScript.TC_SignUpwithVerifyINValidData -->
