<?xml version="1.0" encoding="UTF-8"?>
<!-- Generated by org.testng.reporters.JUnitReportReporter -->
<testsuite hostname="darshan" failures="0" tests="1" name="testScript.TC_NeedHelp" time="26.373" errors="0" timestamp="23 Oct 2019 12:30:48 GMT">
  <testcase classname="testScript.TC_NeedHelp" name="TC_Need_Help" time="26.373"/>
</testsuite> <!-- testScript.TC_NeedHelp -->
