<?xml version="1.0" encoding="UTF-8"?>
<!-- Generated by org.testng.reporters.JUnitReportReporter -->
<testsuite hostname="darshan" failures="0" tests="3" name="testScript.TC_SignUpInvitewithEmailwithoutPassword" time="147.637" errors="0" timestamp="27 Nov 2019 11:56:06 GMT">
  <testcase classname="testScript.TC_SignUpInvitewithEmailwithoutPassword" name="TC_SignUpwithEmailwithoutPassword" time="23.505"/>
  <testcase classname="testScript.TC_SignUpInvitewithEmailwithoutPassword" name="TC_SignInafterRegister" time="65.758"/>
  <testcase classname="testScript.TC_SignUpInvitewithEmailwithoutPassword" name="SignInforSignUp" time="58.374"/>
</testsuite> <!-- testScript.TC_SignUpInvitewithEmailwithoutPassword -->
