<?xml version="1.0" encoding="UTF-8"?>
<!-- Generated by org.testng.reporters.JUnitReportReporter -->
<testsuite hostname="darshan" failures="0" tests="5" name="testScript.TC_NewInquirywithInvalidData" time="54.217" errors="0" timestamp="8 Nov 2019 12:05:35 GMT">
  <testcase classname="testScript.TC_NewInquirywithInvalidData" name="TC_CreateNewInquirywithBlankValues" time="8.944"/>
  <testcase classname="testScript.TC_NewInquirywithInvalidData" name="TC_SignOut" time="2.194"/>
  <testcase classname="testScript.TC_NewInquirywithInvalidData" name="TC_SignIn" time="10.227"/>
  <testcase classname="testScript.TC_NewInquirywithInvalidData" name="TC_ValidDomainSubmission" time="3.522"/>
  <testcase classname="testScript.TC_NewInquirywithInvalidData" name="TC_CreateNewInquirywithInvalidValues" time="29.330"/>
</testsuite> <!-- testScript.TC_NewInquirywithInvalidData -->
