<?xml version="1.0" encoding="UTF-8"?>
<!-- Generated by org.testng.reporters.JUnitReportReporter -->
<testsuite hostname="darshan" failures="0" tests="2" name="testScript.TC_VerifyLoginwithINValidData" time="44.701" errors="0" timestamp="21 Oct 2019 08:05:17 GMT">
  <testcase classname="testScript.TC_VerifyLoginwithINValidData" name="TC_ValidDomainSubmission" time="4.287"/>
  <testcase classname="testScript.TC_VerifyLoginwithINValidData" name="TC_InvalidSignin" time="40.414"/>
</testsuite> <!-- testScript.TC_VerifyLoginwithINValidData -->
