<?xml version="1.0" encoding="UTF-8"?>
<!-- Generated by org.testng.reporters.JUnitReportReporter -->
<testsuite hostname="darshan" failures="0" tests="3" name="testScript.TC_LoginwithValidData" time="16.470" errors="0" timestamp="7 Nov 2019 12:01:17 GMT">
  <testcase classname="testScript.TC_LoginwithValidData" name="TC_SignIn" time="10.688"/>
  <testcase classname="testScript.TC_LoginwithValidData" name="TC_SignOut" time="2.287"/>
  <testcase classname="testScript.TC_LoginwithValidData" name="TC_ValidDomainSubmission" time="3.495"/>
</testsuite> <!-- testScript.TC_LoginwithValidData -->
