<?xml version="1.0" encoding="UTF-8"?>
<!-- Generated by org.testng.reporters.JUnitReportReporter -->
<testsuite hostname="darshan" failures="0" tests="3" name="testScript.TC_Contacts" time="44.004" errors="0" timestamp="22 Nov 2019 13:42:42 GMT">
  <testcase classname="testScript.TC_Contacts" name="TC_SignIn" time="11.678"/>
  <testcase classname="testScript.TC_Contacts" name="TC_ContactsIN" time="26.220"/>
  <testcase classname="testScript.TC_Contacts" name="TC_ValidDomainSubmission" time="6.106"/>
</testsuite> <!-- testScript.TC_Contacts -->
