<?xml version="1.0" encoding="UTF-8"?>
<!-- Generated by org.testng.reporters.JUnitReportReporter -->
<testsuite hostname="darshan" failures="0" tests="15" name="testScript.TC_ShowMewithInvalidData" time="133.516" errors="0" timestamp="27 Nov 2019 06:28:28 GMT">
  <testcase classname="testScript.TC_ShowMewithInvalidData" name="TC_InvalidInvitewithEmailasOnlyAlphaNumeric" time="4.611"/>
  <testcase classname="testScript.TC_ShowMewithInvalidData" name="TC_InvalidInvitewithLessDigitPhoneNumber" time="4.522"/>
  <testcase classname="testScript.TC_ShowMewithInvalidData" name="TC_InvalidInvitewithInvalidPhoneNumber" time="4.681"/>
  <testcase classname="testScript.TC_ShowMewithInvalidData" name="TC_InvalidInvitewithEmailasOnlyAlphabet" time="4.511"/>
  <testcase classname="testScript.TC_ShowMewithInvalidData" name="TC_InvalidInvitewithBlankPhoneNumber" time="10.356"/>
  <testcase classname="testScript.TC_ShowMewithInvalidData" name="TC_InvalidInvitewithBlankEmail" time="19.100"/>
  <testcase classname="testScript.TC_ShowMewithInvalidData" name="TC_InvalidInvitewithInvalidMessageandNumber" time="8.489"/>
  <testcase classname="testScript.TC_ShowMewithInvalidData" name="TC_InvalidInvitewithEmailasOnlyNumeric" time="4.651"/>
  <testcase classname="testScript.TC_ShowMewithInvalidData" name="TC_ValidDomainSubmission" time="15.292"/>
  <testcase classname="testScript.TC_ShowMewithInvalidData" name="TC_InvalidInvitewithMoreDigitPhoneNumber" time="4.630"/>
  <testcase classname="testScript.TC_ShowMewithInvalidData" name="TC_SignIn" time="24.623"/>
  <testcase classname="testScript.TC_ShowMewithInvalidData" name="TC_SignOut" time="6.210"/>
  <testcase classname="testScript.TC_ShowMewithInvalidData" name="TC_InvalidInvitewithBlankMessage" time="5.671"/>
  <testcase classname="testScript.TC_ShowMewithInvalidData" name="TC_InvalidInvitewithInvalidEmail" time="4.675"/>
  <testcase classname="testScript.TC_ShowMewithInvalidData" name="TC_InvalidCreateSessionReference" time="11.494"/>
</testsuite> <!-- testScript.TC_ShowMewithInvalidData -->
