<?xml version="1.0" encoding="UTF-8"?>
<!-- Generated by org.testng.reporters.JUnitReportReporter -->
<testsuite hostname="darshan" failures="0" tests="5" name="testScript.TC_NewInquirywithInvalidData" time="52.293" errors="0" timestamp="15 Nov 2019 12:28:55 GMT">
  <testcase classname="testScript.TC_NewInquirywithInvalidData" name="TC_CreateNewInquirywithInvalidValues" time="23.167"/>
  <testcase classname="testScript.TC_NewInquirywithInvalidData" name="TC_CreateNewInquirywithBlankValues" time="8.932"/>
  <testcase classname="testScript.TC_NewInquirywithInvalidData" name="TC_SignIn" time="10.704"/>
  <testcase classname="testScript.TC_NewInquirywithInvalidData" name="TC_ValidDomainSubmission" time="7.299"/>
  <testcase classname="testScript.TC_NewInquirywithInvalidData" name="TC_SignOut" time="2.191"/>
</testsuite> <!-- testScript.TC_NewInquirywithInvalidData -->
