<?xml version="1.0" encoding="UTF-8"?>
<!-- Generated by org.testng.reporters.JUnitReportReporter -->
<testsuite hostname="darshan" failures="0" tests="5" name="testScript.TC_SignUpwithVerifyINValidData" time="32.656" errors="0" timestamp="27 Nov 2019 11:56:06 GMT">
  <testcase classname="testScript.TC_SignUpwithVerifyINValidData" name="TC_VerifyBlankVerifyEmailUserid" time="18.565"/>
  <testcase classname="testScript.TC_SignUpwithVerifyINValidData" name="TC_VerifyInvalidVerifyEmail" time="2.679"/>
  <testcase classname="testScript.TC_SignUpwithVerifyINValidData" name="TC_VerifyNotRegisteredVerifyUserId" time="6.846"/>
  <testcase classname="testScript.TC_SignUpwithVerifyINValidData" name="TC_VerifyInvalidVerifyUserId" time="1.894"/>
  <testcase classname="testScript.TC_SignUpwithVerifyINValidData" name="TC_VerifyNotRegisteredVerifyEmail" time="2.672"/>
</testsuite> <!-- testScript.TC_SignUpwithVerifyINValidData -->
