<?xml version="1.0" encoding="UTF-8"?>
<!-- Generated by org.testng.reporters.JUnitReportReporter -->
<testsuite hostname="darshan" failures="0" tests="4" name="testScript.TC_NewInquiry" time="58.796" errors="0" timestamp="15 Nov 2019 12:27:42 GMT">
  <testcase classname="testScript.TC_NewInquiry" name="TC_SignOut" time="2.742"/>
  <testcase classname="testScript.TC_NewInquiry" name="TC_CreateNewInquiry" time="38.016"/>
  <testcase classname="testScript.TC_NewInquiry" name="TC_ValidDomainSubmission" time="7.292"/>
  <testcase classname="testScript.TC_NewInquiry" name="TC_SignIn" time="10.746"/>
</testsuite> <!-- testScript.TC_NewInquiry -->
