<?xml version="1.0" encoding="UTF-8"?>
<!-- Generated by org.testng.reporters.JUnitReportReporter -->
<testsuite hostname="darshan" failures="0" tests="3" name="testScript.TC_SignUpInvitewithUserIdwithoutPassword" time="62.845" errors="0" timestamp="8 Nov 2019 06:34:33 GMT">
  <testcase classname="testScript.TC_SignUpInvitewithUserIdwithoutPassword" name="SignInforSignUp" time="14.400"/>
  <testcase classname="testScript.TC_SignUpInvitewithUserIdwithoutPassword" name="TC_SignInafterRegister" time="35.542"/>
  <testcase classname="testScript.TC_SignUpInvitewithUserIdwithoutPassword" name="TC_SignUpwithEmailwithoutPassword" time="12.903"/>
</testsuite> <!-- testScript.TC_SignUpInvitewithUserIdwithoutPassword -->
