<?xml version="1.0" encoding="UTF-8"?>
<!-- Generated by org.testng.reporters.JUnitReportReporter -->
<testsuite hostname="darshan" failures="0" tests="5" name="testScript.TC_SignUpwithVerifyINValidData" time="18.702" errors="0" timestamp="24 Oct 2019 13:49:36 GMT">
  <testcase classname="testScript.TC_SignUpwithVerifyINValidData" name="TC_VerifyInvalidVerifyEmail" time="2.754"/>
  <testcase classname="testScript.TC_SignUpwithVerifyINValidData" name="TC_VerifyNotRegisteredVerifyEmail" time="2.812"/>
  <testcase classname="testScript.TC_SignUpwithVerifyINValidData" name="TC_VerifyInvalidVerifyUserId" time="2.701"/>
  <testcase classname="testScript.TC_SignUpwithVerifyINValidData" name="TC_VerifyNotRegisteredVerifyUserId" time="3.789"/>
  <testcase classname="testScript.TC_SignUpwithVerifyINValidData" name="TC_VerifyBlankVerifyEmailUserid" time="6.646"/>
</testsuite> <!-- testScript.TC_SignUpwithVerifyINValidData -->
