<?xml version="1.0" encoding="UTF-8"?>
<!-- Generated by org.testng.reporters.JUnitReportReporter -->
<testsuite hostname="darshan" failures="0" tests="2" name="testScript.TC_ForgotPasswordwithINValidData" time="15.532" errors="0" timestamp="23 Oct 2019 12:30:48 GMT">
  <testcase classname="testScript.TC_ForgotPasswordwithINValidData" name="TC_ValidDomainSubmission" time="3.425"/>
  <testcase classname="testScript.TC_ForgotPasswordwithINValidData" name="TC_InvalidForgotPassword" time="12.107"/>
</testsuite> <!-- testScript.TC_ForgotPasswordwithINValidData -->
