<?xml version="1.0" encoding="UTF-8"?>
<!-- Generated by org.testng.reporters.JUnitReportReporter -->
<testsuite hostname="darshan" failures="0" tests="3" name="testScript.TC_SignUpwithValidUserId" time="50.500" errors="0" timestamp="24 Oct 2019 13:49:36 GMT">
  <testcase classname="testScript.TC_SignUpwithValidUserId" name="SignInforSignUp" time="9.877"/>
  <testcase classname="testScript.TC_SignUpwithValidUserId" name="TC_SignUpwithEmailandPassword" time="27.838"/>
  <testcase classname="testScript.TC_SignUpwithValidUserId" name="TC_SignInafterRegister" time="12.785"/>
</testsuite> <!-- testScript.TC_SignUpwithValidUserId -->
