<?xml version="1.0" encoding="UTF-8"?>
<!-- Generated by org.testng.reporters.JUnitReportReporter -->
<testsuite hostname="darshan" failures="0" tests="4" name="testScript.TC_ShowMewithCallExperienceValidData" time="80.172" errors="0" timestamp="31 Dec 2019 10:29:05 GMT">
  <testcase classname="testScript.TC_ShowMewithCallExperienceValidData" name="TC_ValidDomainSubmission" time="11.307"/>
  <testcase classname="testScript.TC_ShowMewithCallExperienceValidData" name="TC_SignIn" time="14.818"/>
  <testcase classname="testScript.TC_ShowMewithCallExperienceValidData" name="TC_SignOut" time="6.801"/>
  <testcase classname="testScript.TC_ShowMewithCallExperienceValidData" name="TC_CreateSessionwithSMS" time="47.246"/>
</testsuite> <!-- testScript.TC_ShowMewithCallExperienceValidData -->
