<?xml version="1.0" encoding="UTF-8"?>
<!-- Generated by org.testng.reporters.JUnitReportReporter -->
<testsuite hostname="darshan" failures="0" tests="2" name="testScript.TC_ForgotPasswordwithValidData" time="7.296" errors="0" timestamp="8 Nov 2019 10:20:26 GMT">
  <testcase classname="testScript.TC_ForgotPasswordwithValidData" name="TC_ForgotPassword" time="3.798"/>
  <testcase classname="testScript.TC_ForgotPasswordwithValidData" name="TC_ValidDomainSubmission" time="3.498"/>
</testsuite> <!-- testScript.TC_ForgotPasswordwithValidData -->
