<?xml version="1.0" encoding="UTF-8"?>
<!-- Generated by org.testng.reporters.JUnitReportReporter -->
<testsuite hostname="darshan" failures="0" tests="3" name="testScript.TC_LoginwithValidData" time="11.559" errors="0" timestamp="24 Oct 2019 13:49:36 GMT">
  <testcase classname="testScript.TC_LoginwithValidData" name="TC_ValidDomainSubmission" time="3.258"/>
  <testcase classname="testScript.TC_LoginwithValidData" name="TC_SignIn" time="6.027"/>
  <testcase classname="testScript.TC_LoginwithValidData" name="TC_SignOut" time="2.274"/>
</testsuite> <!-- testScript.TC_LoginwithValidData -->
