<?xml version="1.0" encoding="UTF-8"?>
<!-- Generated by org.testng.reporters.JUnitReportReporter -->
<testsuite hostname="darshan" failures="0" tests="3" name="testScript.TC_LoginwithValidData" time="10.910" errors="0" timestamp="23 Oct 2019 12:30:48 GMT">
  <testcase classname="testScript.TC_LoginwithValidData" name="TC_SignIn" time="5.260"/>
  <testcase classname="testScript.TC_LoginwithValidData" name="TC_SignOut" time="2.246"/>
  <testcase classname="testScript.TC_LoginwithValidData" name="TC_ValidDomainSubmission" time="3.404"/>
</testsuite> <!-- testScript.TC_LoginwithValidData -->
