<?xml version="1.0" encoding="UTF-8"?>
<!-- Generated by org.testng.reporters.JUnitReportReporter -->
<testsuite hostname="darshan" failures="0" tests="2" name="testScript.TC_ForgotPasswordwithValidData" time="19.075" errors="0" timestamp="27 Nov 2019 12:03:14 GMT">
  <testcase classname="testScript.TC_ForgotPasswordwithValidData" name="TC_ValidDomainSubmission" time="15.326"/>
  <testcase classname="testScript.TC_ForgotPasswordwithValidData" name="TC_ForgotPassword" time="3.749"/>
</testsuite> <!-- testScript.TC_ForgotPasswordwithValidData -->
