<?xml version="1.0" encoding="UTF-8"?>
<!-- Generated by org.testng.reporters.JUnitReportReporter -->
<testsuite hostname="darshan" failures="0" tests="3" name="testScript.TC_LoginwithValidData" time="23.419" errors="0" timestamp="22 Nov 2019 11:15:09 GMT">
  <testcase classname="testScript.TC_LoginwithValidData" name="TC_ValidDomainSubmission" time="4.059"/>
  <testcase classname="testScript.TC_LoginwithValidData" name="TC_SignOut" time="6.215"/>
  <testcase classname="testScript.TC_LoginwithValidData" name="TC_SignIn" time="13.145"/>
</testsuite> <!-- testScript.TC_LoginwithValidData -->
