<?xml version="1.0" encoding="UTF-8"?>
<!-- Generated by org.testng.reporters.JUnitReportReporter -->
<testsuite hostname="darshan" failures="0" tests="3" name="testScript.TC_SignUpInvitewithUserIdwithoutPassword" time="144.337" errors="0" timestamp="27 Nov 2019 11:56:06 GMT">
  <testcase classname="testScript.TC_SignUpInvitewithUserIdwithoutPassword" name="SignInforSignUp" time="55.353"/>
  <testcase classname="testScript.TC_SignUpInvitewithUserIdwithoutPassword" name="TC_SignUpwithUserIdwithoutPassword" time="23.318"/>
  <testcase classname="testScript.TC_SignUpInvitewithUserIdwithoutPassword" name="TC_SignInafterRegister" time="65.666"/>
</testsuite> <!-- testScript.TC_SignUpInvitewithUserIdwithoutPassword -->
