<?xml version="1.0" encoding="UTF-8"?>
<!-- Generated by org.testng.reporters.JUnitReportReporter -->
<testsuite hostname="darshan" failures="0" tests="3" name="testScript.TC_SignUpInvitewithUserIdwithoutPassword" time="63.162" errors="0" timestamp="31 Oct 2019 11:43:39 GMT">
  <testcase classname="testScript.TC_SignUpInvitewithUserIdwithoutPassword" name="TC_SignUpwithEmailwithoutPassword" time="12.866"/>
  <testcase classname="testScript.TC_SignUpInvitewithUserIdwithoutPassword" name="TC_SignInafterRegister" time="35.624"/>
  <testcase classname="testScript.TC_SignUpInvitewithUserIdwithoutPassword" name="SignInforSignUp" time="14.672"/>
</testsuite> <!-- testScript.TC_SignUpInvitewithUserIdwithoutPassword -->
