<?xml version="1.0" encoding="UTF-8"?>
<!-- Generated by org.testng.reporters.JUnitReportReporter -->
<testsuite hostname="darshan" failures="0" tests="2" name="testScript.TC_SignUpwithINValidData" time="61.272" errors="0" timestamp="21 Oct 2019 11:10:49 GMT">
  <testcase classname="testScript.TC_SignUpwithINValidData" name="TC_SignUpwithInvalidData" time="42.500"/>
  <testcase classname="testScript.TC_SignUpwithINValidData" name="TC_VerifyInviteSignUpInvalidData" time="18.772"/>
</testsuite> <!-- testScript.TC_SignUpwithINValidData -->
