<?xml version="1.0" encoding="UTF-8"?>
<!-- Generated by org.testng.reporters.JUnitReportReporter -->
<testsuite hostname="darshan" failures="0" tests="3" name="testScript.TC_SignUpwithValidEmail" time="48.396" errors="0" timestamp="24 Oct 2019 13:49:36 GMT">
  <testcase classname="testScript.TC_SignUpwithValidEmail" name="TC_SignInafterRegister" time="16.846"/>
  <testcase classname="testScript.TC_SignUpwithValidEmail" name="SignInforSignUp" time="9.574"/>
  <testcase classname="testScript.TC_SignUpwithValidEmail" name="TC_SignUpwithEmailandPassword" time="21.976"/>
</testsuite> <!-- testScript.TC_SignUpwithValidEmail -->
