<?xml version="1.0" encoding="UTF-8"?>
<!-- Generated by org.testng.reporters.JUnitReportReporter -->
<testsuite hostname="darshan" failures="0" tests="3" name="testScript.TC_NewInquiry" time="28.849" errors="0" timestamp="1 Nov 2019 13:02:20 GMT">
  <testcase classname="testScript.TC_NewInquiry" name="TC_SignIn" time="11.143"/>
  <testcase classname="testScript.TC_NewInquiry" name="TC_ValidDomainSubmission" time="3.224"/>
  <testcase classname="testScript.TC_NewInquiry" name="TC_NI" time="14.482"/>
</testsuite> <!-- testScript.TC_NewInquiry -->
