<?xml version="1.0" encoding="UTF-8"?>
<!-- Generated by org.testng.reporters.JUnitReportReporter -->
<testsuite hostname="darshan" failures="0" tests="5" name="testScript.TC_NewInquirywithInvalidData" time="80.832" errors="0" timestamp="27 Nov 2019 11:07:46 GMT">
  <testcase classname="testScript.TC_NewInquirywithInvalidData" name="TC_CreateNewInquirywithBlankValues" time="8.765"/>
  <testcase classname="testScript.TC_NewInquirywithInvalidData" name="TC_CreateNewInquirywithInvalidValues" time="25.774"/>
  <testcase classname="testScript.TC_NewInquirywithInvalidData" name="TC_SignIn" time="24.777"/>
  <testcase classname="testScript.TC_NewInquirywithInvalidData" name="TC_ValidDomainSubmission" time="15.321"/>
  <testcase classname="testScript.TC_NewInquirywithInvalidData" name="TC_SignOut" time="6.195"/>
</testsuite> <!-- testScript.TC_NewInquirywithInvalidData -->
