<?xml version="1.0" encoding="UTF-8"?>
<!-- Generated by org.testng.reporters.JUnitReportReporter -->
<testsuite hostname="darshan" failures="0" tests="3" name="testScript.TC_PublishVideo" time="45.279" errors="0" timestamp="11 Dec 2019 13:58:19 GMT">
  <testcase classname="testScript.TC_PublishVideo" name="TC_Contactswith1to1Inquiry" time="15.219"/>
  <testcase classname="testScript.TC_PublishVideo" name="TC_ValidDomainSubmission" time="15.440"/>
  <testcase classname="testScript.TC_PublishVideo" name="TC_SignIn" time="14.620"/>
</testsuite> <!-- testScript.TC_PublishVideo -->
