<?xml version="1.0" encoding="UTF-8"?>
<!-- Generated by org.testng.reporters.JUnitReportReporter -->
<testsuite hostname="darshan" failures="0" tests="1" name="testScript.TC_NeedHelp" time="23.804" errors="0" timestamp="24 Oct 2019 13:49:36 GMT">
  <testcase classname="testScript.TC_NeedHelp" name="TC_Need_Help" time="23.804"/>
</testsuite> <!-- testScript.TC_NeedHelp -->
