<?xml version="1.0" encoding="UTF-8"?>
<!-- Generated by org.testng.reporters.JUnitReportReporter -->
<testsuite hostname="darshan" failures="0" tests="3" name="testScript.TC_SignUpInvitewithEmailwithoutPassword" time="67.534" errors="0" timestamp="31 Oct 2019 11:36:39 GMT">
  <testcase classname="testScript.TC_SignUpInvitewithEmailwithoutPassword" name="SignInforSignUp" time="13.057"/>
  <testcase classname="testScript.TC_SignUpInvitewithEmailwithoutPassword" name="TC_SignInafterRegister" time="35.110"/>
  <testcase classname="testScript.TC_SignUpInvitewithEmailwithoutPassword" name="TC_SignUpwithEmailwithoutPassword" time="19.367"/>
</testsuite> <!-- testScript.TC_SignUpInvitewithEmailwithoutPassword -->
