<?xml version="1.0" encoding="UTF-8"?>
<!-- Generated by org.testng.reporters.JUnitReportReporter -->
<testsuite hostname="darshan" failures="0" tests="1" name="testScript.TC_NeedHelpp" time="25.409" errors="0" timestamp="21 Oct 2019 07:33:58 GMT">
  <testcase classname="testScript.TC_NeedHelpp" name="TC_Need_Help" time="25.409"/>
</testsuite> <!-- testScript.TC_NeedHelpp -->
