<?xml version="1.0" encoding="UTF-8"?>
<!-- Generated by org.testng.reporters.JUnitReportReporter -->
<testsuite hostname="darshan" failures="0" tests="4" name="testScript.TC_NewInquiry" time="117.762" errors="0" timestamp="29 Nov 2019 10:41:52 GMT">
  <testcase classname="testScript.TC_NewInquiry" name="TC_ValidDomainSubmission" time="15.307"/>
  <testcase classname="testScript.TC_NewInquiry" name="TC_SignOut" time="6.782"/>
  <testcase classname="testScript.TC_NewInquiry" name="TC_CreateNewInquiry" time="70.725"/>
  <testcase classname="testScript.TC_NewInquiry" name="TC_SignIn" time="24.948"/>
</testsuite> <!-- testScript.TC_NewInquiry -->
