<?xml version="1.0" encoding="UTF-8"?>
<!-- Generated by org.testng.reporters.JUnitReportReporter -->
<testsuite hostname="darshan" failures="0" tests="4" name="testScript.TC_NewInquiry" time="46.303" errors="0" timestamp="8 Nov 2019 12:05:35 GMT">
  <testcase classname="testScript.TC_NewInquiry" name="TC_CreateNewInquiry" time="31.295"/>
  <testcase classname="testScript.TC_NewInquiry" name="TC_SignIn" time="9.090"/>
  <testcase classname="testScript.TC_NewInquiry" name="TC_ValidDomainSubmission" time="3.641"/>
  <testcase classname="testScript.TC_NewInquiry" name="TC_SignOut" time="2.277"/>
</testsuite> <!-- testScript.TC_NewInquiry -->
