<?xml version="1.0" encoding="UTF-8"?>
<!-- Generated by org.testng.reporters.JUnitReportReporter -->
<testsuite hostname="darshan" failures="0" tests="17" name="testScript.TC_InquiryInternalFunctionalities" time="144.799" errors="0" timestamp="8 Nov 2019 06:23:01 GMT">
  <testcase classname="testScript.TC_InquiryInternalFunctionalities" name="TC_AttachMediaVideo" time="9.333"/>
  <testcase classname="testScript.TC_InquiryInternalFunctionalities" name="TC_EditInquiryDetails" time="13.153"/>
  <testcase classname="testScript.TC_InquiryInternalFunctionalities" name="TC_AttachMediaDocument" time="12.427"/>
  <testcase classname="testScript.TC_InquiryInternalFunctionalities" name="TC_InquiryList" time="4.581"/>
  <testcase classname="testScript.TC_InquiryInternalFunctionalities" name="TC_SignOut" time="2.207"/>
  <testcase classname="testScript.TC_InquiryInternalFunctionalities" name="TC_SignIn" time="9.274"/>
  <testcase classname="testScript.TC_InquiryInternalFunctionalities" name="TC_ArchiveInquiry" time="8.388"/>
  <testcase classname="testScript.TC_InquiryInternalFunctionalities" name="TC_SendMessageToChat" time="3.331"/>
  <testcase classname="testScript.TC_InquiryInternalFunctionalities" name="TC_AttachMediaPhoto" time="9.927"/>
  <testcase classname="testScript.TC_InquiryInternalFunctionalities" name="TC_ValidDomainSubmission" time="3.523"/>
  <testcase classname="testScript.TC_InquiryInternalFunctionalities" name="TC_AddParticipantInInquiry" time="12.822"/>
  <testcase classname="testScript.TC_InquiryInternalFunctionalities" name="TC_RemoveParticipant" time="9.683"/>
  <testcase classname="testScript.TC_InquiryInternalFunctionalities" name="TC_DeleteNotes" time="6.218"/>
  <testcase classname="testScript.TC_InquiryInternalFunctionalities" name="TC_VideoCall" time="13.168"/>
  <testcase classname="testScript.TC_InquiryInternalFunctionalities" name="TC_AddNotes" time="5.539"/>
  <testcase classname="testScript.TC_InquiryInternalFunctionalities" name="TC_UnArchiveInquiry" time="13.769"/>
  <testcase classname="testScript.TC_InquiryInternalFunctionalities" name="TC_EditNotes" time="7.456"/>
</testsuite> <!-- testScript.TC_InquiryInternalFunctionalities -->
