<?xml version="1.0" encoding="UTF-8"?>
<!-- Generated by org.testng.reporters.JUnitReportReporter -->
<testsuite hostname="darshan" failures="0" tests="5" name="testScript.TC_LoginwithINValidData" time="29.671" errors="0" timestamp="8 Nov 2019 06:28:31 GMT">
  <testcase classname="testScript.TC_LoginwithINValidData" name="TC_InValidSignInwithBlankPassword" time="8.042"/>
  <testcase classname="testScript.TC_LoginwithINValidData" name="TC_ValidDomainSubmission" time="3.493"/>
  <testcase classname="testScript.TC_LoginwithINValidData" name="TC_InValidSignInwithBlankEmailPassword" time="1.692"/>
  <testcase classname="testScript.TC_LoginwithINValidData" name="TC_InvalidsignInwithInvalidEmailPassword" time="12.152"/>
  <testcase classname="testScript.TC_LoginwithINValidData" name="TC_InValidSignInwithBlankEmail" time="4.292"/>
</testsuite> <!-- testScript.TC_LoginwithINValidData -->
