<?xml version="1.0" encoding="UTF-8"?>
<!-- Generated by org.testng.reporters.JUnitReportReporter -->
<testsuite hostname="darshan" failures="0" tests="3" name="testScript.TC_SignUpwithValidUserId" time="55.824" errors="0" timestamp="7 Nov 2019 12:09:19 GMT">
  <testcase classname="testScript.TC_SignUpwithValidUserId" name="SignInforSignUp" time="12.418"/>
  <testcase classname="testScript.TC_SignUpwithValidUserId" name="TC_SignUpwithEmailandPassword" time="19.942"/>
  <testcase classname="testScript.TC_SignUpwithValidUserId" name="TC_SignInafterRegister" time="23.464"/>
</testsuite> <!-- testScript.TC_SignUpwithValidUserId -->
