<?xml version="1.0" encoding="UTF-8"?>
<!-- Generated by org.testng.reporters.JUnitReportReporter -->
<testsuite hostname="darshan" failures="0" tests="3" name="testScript.ExecuteTestSuite" time="43.232" errors="0" timestamp="18 Oct 2019 11:54:05 GMT">
  <testcase classname="testScript.ExecuteTestSuite" name="TC_SignIn" time="4.716"/>
  <testcase classname="testScript.ExecuteTestSuite" name="TC_ValidDomainSubmission" time="3.416"/>
  <testcase classname="testScript.ExecuteTestSuite" name="TC_SignUpwithInvalidData" time="35.100"/>
</testsuite> <!-- testScript.ExecuteTestSuite -->
