<?xml version="1.0" encoding="UTF-8"?>
<!-- Generated by org.testng.reporters.JUnitReportReporter -->
<testsuite hostname="darshan" failures="0" tests="3" name="testScript.TC_SignUpwithValidEmail" time="52.312" errors="0" timestamp="7 Nov 2019 12:09:19 GMT">
  <testcase classname="testScript.TC_SignUpwithValidEmail" name="TC_SignInafterRegister" time="19.629"/>
  <testcase classname="testScript.TC_SignUpwithValidEmail" name="SignInforSignUp" time="12.362"/>
  <testcase classname="testScript.TC_SignUpwithValidEmail" name="TC_SignUpwithEmailandPassword" time="20.321"/>
</testsuite> <!-- testScript.TC_SignUpwithValidEmail -->
