<?xml version="1.0" encoding="UTF-8"?>
<!-- Generated by org.testng.reporters.JUnitReportReporter -->
<testsuite hostname="darshan" failures="0" tests="3" name="testScript.TC_VerifyLoginwithValidData" time="10.838" errors="0" timestamp="21 Oct 2019 08:02:57 GMT">
  <testcase classname="testScript.TC_VerifyLoginwithValidData" name="TC_ValidDomainSubmission" time="4.301"/>
  <testcase classname="testScript.TC_VerifyLoginwithValidData" name="TC_SignIn" time="4.342"/>
  <testcase classname="testScript.TC_VerifyLoginwithValidData" name="TC_SignOut" time="2.195"/>
</testsuite> <!-- testScript.TC_VerifyLoginwithValidData -->
