<?xml version="1.0" encoding="UTF-8"?>
<!-- Generated by org.testng.reporters.JUnitReportReporter -->
<testsuite hostname="darshan" failures="0" tests="1" name="testScript.TC_VerifyDomainwithINValidData" time="11.654" errors="0" timestamp="6 Dec 2019 06:42:10 GMT">
  <testcase classname="testScript.TC_VerifyDomainwithINValidData" name="TC_InvalidDomainSubmission" time="11.654"/>
</testsuite> <!-- testScript.TC_VerifyDomainwithINValidData -->
