<?xml version="1.0" encoding="UTF-8"?>
<!-- Generated by org.testng.reporters.JUnitReportReporter -->
<testsuite hostname="darshan" failures="0" tests="4" name="testScript.TC_ForgotPasswordwithINValidData" time="31.879" errors="0" timestamp="8 Nov 2019 10:20:26 GMT">
  <testcase classname="testScript.TC_ForgotPasswordwithINValidData" name="TC_ValidDomainSubmission" time="3.486"/>
  <testcase classname="testScript.TC_ForgotPasswordwithINValidData" name="TC_InValidForgotPasswordwithInvalidEmail" time="4.016"/>
  <testcase classname="testScript.TC_ForgotPasswordwithINValidData" name="TC_InValidForgotPasswordwithBlankEmail" time="19.659"/>
  <testcase classname="testScript.TC_ForgotPasswordwithINValidData" name="TC_InValidForgotPasswordwithNotRegisteredEmail" time="4.718"/>
</testsuite> <!-- testScript.TC_ForgotPasswordwithINValidData -->
