<?xml version="1.0" encoding="UTF-8"?>
<!-- Generated by org.testng.reporters.JUnitReportReporter -->
<testsuite hostname="darshan" failures="0" tests="3" name="testScript.TC_InquiryInternalFunctionalities" time="43.431" errors="0" timestamp="5 Nov 2019 14:22:51 GMT">
  <testcase classname="testScript.TC_InquiryInternalFunctionalities" name="TC_SignIn" time="12.295"/>
  <testcase classname="testScript.TC_InquiryInternalFunctionalities" name="TC_ValidDomainSubmission" time="3.663"/>
  <testcase classname="testScript.TC_InquiryInternalFunctionalities" name="TC_ArchiveInquiry" time="27.473"/>
</testsuite> <!-- testScript.TC_InquiryInternalFunctionalities -->
