<?xml version="1.0" encoding="UTF-8"?>
<!-- Generated by org.testng.reporters.JUnitReportReporter -->
<testsuite hostname="darshan" failures="0" tests="4" name="testScript.TC_NewInquiry" time="45.261" errors="0" timestamp="7 Nov 2019 11:44:33 GMT">
  <testcase classname="testScript.TC_NewInquiry" name="TC_SignOut" time="2.291"/>
  <testcase classname="testScript.TC_NewInquiry" name="TC_ValidDomainSubmission" time="3.783"/>
  <testcase classname="testScript.TC_NewInquiry" name="TC_SignIn" time="9.172"/>
  <testcase classname="testScript.TC_NewInquiry" name="TC_NI" time="30.015"/>
</testsuite> <!-- testScript.TC_NewInquiry -->
