<?xml version="1.0" encoding="UTF-8"?>
<!-- Generated by org.testng.reporters.JUnitReportReporter -->
<testsuite hostname="darshan" failures="0" tests="5" name="testScript.TC_NewInquirywithInvalidData" time="53.144" errors="0" timestamp="7 Nov 2019 11:44:33 GMT">
  <testcase classname="testScript.TC_NewInquirywithInvalidData" name="TC_ValidDomainSubmission" time="3.482"/>
  <testcase classname="testScript.TC_NewInquirywithInvalidData" name="TC_SignIn" time="8.605"/>
  <testcase classname="testScript.TC_NewInquirywithInvalidData" name="TC_CreateNewInquirywithBlankValues" time="8.998"/>
  <testcase classname="testScript.TC_NewInquirywithInvalidData" name="TC_CreateNewInquirywithInvalidValues" time="29.446"/>
  <testcase classname="testScript.TC_NewInquirywithInvalidData" name="TC_SignOut" time="2.613"/>
</testsuite> <!-- testScript.TC_NewInquirywithInvalidData -->
