<?xml version="1.0" encoding="UTF-8"?>
<!-- Generated by org.testng.reporters.JUnitReportReporter -->
<testsuite hostname="darshan" failures="0" tests="3" name="testScript.TC_LoginwithValidData" time="17.738" errors="0" timestamp="8 Nov 2019 06:28:31 GMT">
  <testcase classname="testScript.TC_LoginwithValidData" name="TC_SignIn" time="11.848"/>
  <testcase classname="testScript.TC_LoginwithValidData" name="TC_SignOut" time="2.334"/>
  <testcase classname="testScript.TC_LoginwithValidData" name="TC_ValidDomainSubmission" time="3.556"/>
</testsuite> <!-- testScript.TC_LoginwithValidData -->
