<?xml version="1.0" encoding="UTF-8"?>
<!-- Generated by org.testng.reporters.JUnitReportReporter -->
<testsuite hostname="darshan" failures="0" tests="4" name="testScript.TC_NewInquiry" time="88.729" errors="0" timestamp="10 Dec 2019 11:24:59 GMT">
  <testcase classname="testScript.TC_NewInquiry" name="TC_ValidDomainSubmission" time="15.339"/>
  <testcase classname="testScript.TC_NewInquiry" name="TC_CreateNewInquiry" time="51.804"/>
  <testcase classname="testScript.TC_NewInquiry" name="TC_SignOut" time="6.764"/>
  <testcase classname="testScript.TC_NewInquiry" name="TC_SignIn" time="14.822"/>
</testsuite> <!-- testScript.TC_NewInquiry -->
