<?xml version="1.0" encoding="UTF-8"?>
<!-- Generated by org.testng.reporters.JUnitReportReporter -->
<testsuite hostname="darshan" failures="0" tests="5" name="testScript.TC_PublishVideo" time="91.794" errors="0" timestamp="12 Dec 2019 11:19:33 GMT">
  <testcase classname="testScript.TC_PublishVideo" name="TC_SignIn" time="14.630"/>
  <testcase classname="testScript.TC_PublishVideo" name="TC_SignOut" time="6.230"/>
  <testcase classname="testScript.TC_PublishVideo" name="TC_ValidDomainSubmission" time="15.352"/>
  <testcase classname="testScript.TC_PublishVideo" name="TC_PublishNewVideo" time="40.346"/>
  <testcase classname="testScript.TC_PublishVideo" name="TC_OpenVideoTab" time="15.236"/>
</testsuite> <!-- testScript.TC_PublishVideo -->
