<?xml version="1.0" encoding="UTF-8"?>
<!-- Generated by org.testng.reporters.JUnitReportReporter -->
<testsuite hostname="darshan" failures="0" tests="3" name="testScript.TC_InquiryInternalFunctionalities" time="18.652" errors="0" timestamp="6 Nov 2019 13:11:15 GMT">
  <testcase classname="testScript.TC_InquiryInternalFunctionalities" name="TC_SignIn" time="10.660"/>
  <testcase classname="testScript.TC_InquiryInternalFunctionalities" name="TC_ValidDomainSubmission" time="3.526"/>
  <testcase classname="testScript.TC_InquiryInternalFunctionalities" name="TC_InquiryList" time="4.466"/>
</testsuite> <!-- testScript.TC_InquiryInternalFunctionalities -->
