<?xml version="1.0" encoding="UTF-8"?>
<!-- Generated by org.testng.reporters.JUnitReportReporter -->
<testsuite hostname="darshan" failures="0" tests="4" name="testScript.TC_SignUpwithINValidData" time="61.456" errors="0" timestamp="8 Nov 2019 06:34:33 GMT">
  <testcase classname="testScript.TC_SignUpwithINValidData" name="TC_SignUpwithBlankEmailIdInvalidData" time="8.452"/>
  <testcase classname="testScript.TC_SignUpwithINValidData" name="AddUserSignUp" time="16.866"/>
  <testcase classname="testScript.TC_SignUpwithINValidData" name="TC_SignUpwithUserIdInvalidData" time="28.113"/>
  <testcase classname="testScript.TC_SignUpwithINValidData" name="TC_SignUpwithBlankUserIdInvalidData" time="8.025"/>
</testsuite> <!-- testScript.TC_SignUpwithINValidData -->
