<?xml version="1.0" encoding="UTF-8"?>
<!-- Generated by org.testng.reporters.JUnitReportReporter -->
<testsuite hostname="darshan" failures="0" tests="2" name="testScript.TC_ForgotPasswordwithValidData" time="7.290" errors="0" timestamp="7 Nov 2019 12:01:17 GMT">
  <testcase classname="testScript.TC_ForgotPasswordwithValidData" name="TC_ValidDomainSubmission" time="3.484"/>
  <testcase classname="testScript.TC_ForgotPasswordwithValidData" name="TC_ForgotPassword" time="3.806"/>
</testsuite> <!-- testScript.TC_ForgotPasswordwithValidData -->
