<?xml version="1.0" encoding="UTF-8"?>
<!-- Generated by org.testng.reporters.JUnitReportReporter -->
<testsuite hostname="darshan" failures="0" tests="3" name="testScript.TC_NewInquiry" time="49.615" errors="0" timestamp="31 Oct 2019 13:07:17 GMT">
  <testcase classname="testScript.TC_NewInquiry" name="TC_SignIn" time="23.245"/>
  <testcase classname="testScript.TC_NewInquiry" name="TC_NI" time="23.178"/>
  <testcase classname="testScript.TC_NewInquiry" name="TC_ValidDomainSubmission" time="3.192"/>
</testsuite> <!-- testScript.TC_NewInquiry -->
