<?xml version="1.0" encoding="UTF-8"?>
<!-- Generated by org.testng.reporters.JUnitReportReporter -->
<testsuite hostname="darshan" failures="0" tests="4" name="testScript.TC_ForgotPasswordwithINValidData" time="25.392" errors="0" timestamp="7 Nov 2019 12:01:17 GMT">
  <testcase classname="testScript.TC_ForgotPasswordwithINValidData" name="TC_ValidDomainSubmission" time="3.481"/>
  <testcase classname="testScript.TC_ForgotPasswordwithINValidData" name="TC_InValidForgotPasswordwithNotRegisteredEmail" time="5.737"/>
  <testcase classname="testScript.TC_ForgotPasswordwithINValidData" name="TC_InValidForgotPasswordwithInvalidEmail" time="4.025"/>
  <testcase classname="testScript.TC_ForgotPasswordwithINValidData" name="TC_InValidForgotPasswordwithBlankEmail" time="12.149"/>
</testsuite> <!-- testScript.TC_ForgotPasswordwithINValidData -->
