<?xml version="1.0" encoding="UTF-8"?>
<!-- Generated by org.testng.reporters.JUnitReportReporter -->
<testsuite hostname="darshan" failures="0" tests="1" name="testScript.TC_CreateGroups" time="46.069" errors="0" timestamp="20 Nov 2019 11:54:01 GMT">
  <testcase classname="testScript.TC_CreateGroups" name="TC_CreateGroupwithValidData" time="46.069"/>
</testsuite> <!-- testScript.TC_CreateGroups -->
