<?xml version="1.0" encoding="UTF-8"?>
<!-- Generated by org.testng.reporters.JUnitReportReporter -->
<testsuite hostname="darshan" failures="0" tests="6" name="testScript.TC_Contacts" time="225.786" errors="0" timestamp="28 Nov 2019 07:30:19 GMT">
  <testcase classname="testScript.TC_Contacts" name="TC_SignIn" time="24.705"/>
  <testcase classname="testScript.TC_Contacts" name="TC_ContactsINGroupswithCreateInquiry" time="61.336"/>
  <testcase classname="testScript.TC_Contacts" name="TC_SignOut" time="6.231"/>
  <testcase classname="testScript.TC_Contacts" name="TC_ValidDomainSubmission" time="15.302"/>
  <testcase classname="testScript.TC_Contacts" name="TC_ContactswithCreateInquiry" time="65.100"/>
  <testcase classname="testScript.TC_Contacts" name="TC_Contactswith1to1Inquiry" time="53.112"/>
</testsuite> <!-- testScript.TC_Contacts -->
